Determining if the pthread_create exist failed with the following output:
Change Dir: /mnt/data/work/ssh_test/ros_beginner/catkin_ws/build-src-Desktop_Qt_5_6_0_GCC_64bit-Debug/CMakeFiles/CMakeTmp

Run Build Command:/usr/bin/make "cmTryCompileExec2168084013/fast"
/usr/bin/make -f CMakeFiles/cmTryCompileExec2168084013.dir/build.make CMakeFiles/cmTryCompileExec2168084013.dir/build
make[1]: Entering directory `/mnt/data/work/ssh_test/ros_beginner/catkin_ws/build-src-Desktop_Qt_5_6_0_GCC_64bit-Debug/CMakeFiles/CMakeTmp'
/usr/bin/cmake -E cmake_progress_report /mnt/data/work/ssh_test/ros_beginner/catkin_ws/build-src-Desktop_Qt_5_6_0_GCC_64bit-Debug/CMakeFiles/CMakeTmp/CMakeFiles 1
Building C object CMakeFiles/cmTryCompileExec2168084013.dir/CheckSymbolExists.c.o
/usr/bin/cc    -o CMakeFiles/cmTryCompileExec2168084013.dir/CheckSymbolExists.c.o   -c /mnt/data/work/ssh_test/ros_beginner/catkin_ws/build-src-Desktop_Qt_5_6_0_GCC_64bit-Debug/CMakeFiles/CMakeTmp/CheckSymbolExists.c
Linking C executable cmTryCompileExec2168084013
/usr/bin/cmake -E cmake_link_script CMakeFiles/cmTryCompileExec2168084013.dir/link.txt --verbose=1
/usr/bin/cc       CMakeFiles/cmTryCompileExec2168084013.dir/CheckSymbolExists.c.o  -o cmTryCompileExec2168084013 -rdynamic 
CMakeFiles/cmTryCompileExec2168084013.dir/CheckSymbolExists.c.o: In function `main':
CheckSymbolExists.c:(.text+0x16): undefined reference to `pthread_create'
collect2: error: ld returned 1 exit status
make[1]: *** [cmTryCompileExec2168084013] Error 1
make[1]: Leaving directory `/mnt/data/work/ssh_test/ros_beginner/catkin_ws/build-src-Desktop_Qt_5_6_0_GCC_64bit-Debug/CMakeFiles/CMakeTmp'
make: *** [cmTryCompileExec2168084013/fast] Error 2

File /mnt/data/work/ssh_test/ros_beginner/catkin_ws/build-src-Desktop_Qt_5_6_0_GCC_64bit-Debug/CMakeFiles/CMakeTmp/CheckSymbolExists.c:
/* */
#include <pthread.h>

int main(int argc, char** argv)
{
  (void)argv;
#ifndef pthread_create
  return ((int*)(&pthread_create))[argc];
#else
  (void)argc;
  return 0;
#endif
}

Determining if the function pthread_create exists in the pthreads failed with the following output:
Change Dir: /mnt/data/work/ssh_test/ros_beginner/catkin_ws/build-src-Desktop_Qt_5_6_0_GCC_64bit-Debug/CMakeFiles/CMakeTmp

Run Build Command:/usr/bin/make "cmTryCompileExec3168557554/fast"
/usr/bin/make -f CMakeFiles/cmTryCompileExec3168557554.dir/build.make CMakeFiles/cmTryCompileExec3168557554.dir/build
make[1]: Entering directory `/mnt/data/work/ssh_test/ros_beginner/catkin_ws/build-src-Desktop_Qt_5_6_0_GCC_64bit-Debug/CMakeFiles/CMakeTmp'
/usr/bin/cmake -E cmake_progress_report /mnt/data/work/ssh_test/ros_beginner/catkin_ws/build-src-Desktop_Qt_5_6_0_GCC_64bit-Debug/CMakeFiles/CMakeTmp/CMakeFiles 1
Building C object CMakeFiles/cmTryCompileExec3168557554.dir/CheckFunctionExists.c.o
/usr/bin/cc   -DCHECK_FUNCTION_EXISTS=pthread_create   -o CMakeFiles/cmTryCompileExec3168557554.dir/CheckFunctionExists.c.o   -c /usr/share/cmake-2.8/Modules/CheckFunctionExists.c
Linking C executable cmTryCompileExec3168557554
/usr/bin/cmake -E cmake_link_script CMakeFiles/cmTryCompileExec3168557554.dir/link.txt --verbose=1
/usr/bin/cc   -DCHECK_FUNCTION_EXISTS=pthread_create    CMakeFiles/cmTryCompileExec3168557554.dir/CheckFunctionExists.c.o  -o cmTryCompileExec3168557554 -rdynamic -lpthreads 
/usr/bin/ld: cannot find -lpthreads
collect2: error: ld returned 1 exit status
make[1]: *** [cmTryCompileExec3168557554] Error 1
make[1]: Leaving directory `/mnt/data/work/ssh_test/ros_beginner/catkin_ws/build-src-Desktop_Qt_5_6_0_GCC_64bit-Debug/CMakeFiles/CMakeTmp'
make: *** [cmTryCompileExec3168557554/fast] Error 2


Determining if the Q_WS_WIN exist failed with the following output:
Change Dir: /mnt/data/work/ssh_test/ros_beginner/catkin_ws/build-src-Desktop_Qt_5_6_0_GCC_64bit-Debug/CMakeFiles/CMakeTmp

Run Build Command:/usr/bin/make "cmTryCompileExec2523554069/fast"
/usr/bin/make -f CMakeFiles/cmTryCompileExec2523554069.dir/build.make CMakeFiles/cmTryCompileExec2523554069.dir/build
make[1]: Entering directory `/mnt/data/work/ssh_test/ros_beginner/catkin_ws/build-src-Desktop_Qt_5_6_0_GCC_64bit-Debug/CMakeFiles/CMakeTmp'
/usr/bin/cmake -E cmake_progress_report /mnt/data/work/ssh_test/ros_beginner/catkin_ws/build-src-Desktop_Qt_5_6_0_GCC_64bit-Debug/CMakeFiles/CMakeTmp/CMakeFiles 1
Building CXX object CMakeFiles/cmTryCompileExec2523554069.dir/CheckSymbolExists.cxx.o
/usr/bin/c++    -I/usr/include/qt4    -o CMakeFiles/cmTryCompileExec2523554069.dir/CheckSymbolExists.cxx.o -c /mnt/data/work/ssh_test/ros_beginner/catkin_ws/build-src-Desktop_Qt_5_6_0_GCC_64bit-Debug/CMakeFiles/CMakeTmp/CheckSymbolExists.cxx
/mnt/data/work/ssh_test/ros_beginner/catkin_ws/build-src-Desktop_Qt_5_6_0_GCC_64bit-Debug/CMakeFiles/CMakeTmp/CheckSymbolExists.cxx: In function ‘int main(int, char**)’:
/mnt/data/work/ssh_test/ros_beginner/catkin_ws/build-src-Desktop_Qt_5_6_0_GCC_64bit-Debug/CMakeFiles/CMakeTmp/CheckSymbolExists.cxx:8:19: error: ‘Q_WS_WIN’ was not declared in this scope
   return ((int*)(&Q_WS_WIN))[argc];
                   ^
make[1]: Leaving directory `/mnt/data/work/ssh_test/ros_beginner/catkin_ws/build-src-Desktop_Qt_5_6_0_GCC_64bit-Debug/CMakeFiles/CMakeTmp'
make[1]: *** [CMakeFiles/cmTryCompileExec2523554069.dir/CheckSymbolExists.cxx.o] Error 1
make: *** [cmTryCompileExec2523554069/fast] Error 2

File /mnt/data/work/ssh_test/ros_beginner/catkin_ws/build-src-Desktop_Qt_5_6_0_GCC_64bit-Debug/CMakeFiles/CMakeTmp/CheckSymbolExists.cxx:
/* */
#include <QtCore/qglobal.h>

int main(int argc, char** argv)
{
  (void)argv;
#ifndef Q_WS_WIN
  return ((int*)(&Q_WS_WIN))[argc];
#else
  (void)argc;
  return 0;
#endif
}

Determining if the Q_WS_QWS exist failed with the following output:
Change Dir: /mnt/data/work/ssh_test/ros_beginner/catkin_ws/build-src-Desktop_Qt_5_6_0_GCC_64bit-Debug/CMakeFiles/CMakeTmp

Run Build Command:/usr/bin/make "cmTryCompileExec113104366/fast"
/usr/bin/make -f CMakeFiles/cmTryCompileExec113104366.dir/build.make CMakeFiles/cmTryCompileExec113104366.dir/build
make[1]: Entering directory `/mnt/data/work/ssh_test/ros_beginner/catkin_ws/build-src-Desktop_Qt_5_6_0_GCC_64bit-Debug/CMakeFiles/CMakeTmp'
/usr/bin/cmake -E cmake_progress_report /mnt/data/work/ssh_test/ros_beginner/catkin_ws/build-src-Desktop_Qt_5_6_0_GCC_64bit-Debug/CMakeFiles/CMakeTmp/CMakeFiles 1
Building CXX object CMakeFiles/cmTryCompileExec113104366.dir/CheckSymbolExists.cxx.o
/usr/bin/c++    -I/usr/include/qt4    -o CMakeFiles/cmTryCompileExec113104366.dir/CheckSymbolExists.cxx.o -c /mnt/data/work/ssh_test/ros_beginner/catkin_ws/build-src-Desktop_Qt_5_6_0_GCC_64bit-Debug/CMakeFiles/CMakeTmp/CheckSymbolExists.cxx
/mnt/data/work/ssh_test/ros_beginner/catkin_ws/build-src-Desktop_Qt_5_6_0_GCC_64bit-Debug/CMakeFiles/CMakeTmp/CheckSymbolExists.cxx: In function ‘int main(int, char**)’:
/mnt/data/work/ssh_test/ros_beginner/catkin_ws/build-src-Desktop_Qt_5_6_0_GCC_64bit-Debug/CMakeFiles/CMakeTmp/CheckSymbolExists.cxx:8:19: error: ‘Q_WS_QWS’ was not declared in this scope
   return ((int*)(&Q_WS_QWS))[argc];
                   ^
make[1]: *** [CMakeFiles/cmTryCompileExec113104366.dir/CheckSymbolExists.cxx.o] Error 1
make[1]: Leaving directory `/mnt/data/work/ssh_test/ros_beginner/catkin_ws/build-src-Desktop_Qt_5_6_0_GCC_64bit-Debug/CMakeFiles/CMakeTmp'
make: *** [cmTryCompileExec113104366/fast] Error 2

File /mnt/data/work/ssh_test/ros_beginner/catkin_ws/build-src-Desktop_Qt_5_6_0_GCC_64bit-Debug/CMakeFiles/CMakeTmp/CheckSymbolExists.cxx:
/* */
#include <QtCore/qglobal.h>

int main(int argc, char** argv)
{
  (void)argv;
#ifndef Q_WS_QWS
  return ((int*)(&Q_WS_QWS))[argc];
#else
  (void)argc;
  return 0;
#endif
}

Determining if the Q_WS_MAC exist failed with the following output:
Change Dir: /mnt/data/work/ssh_test/ros_beginner/catkin_ws/build-src-Desktop_Qt_5_6_0_GCC_64bit-Debug/CMakeFiles/CMakeTmp

Run Build Command:/usr/bin/make "cmTryCompileExec4279310988/fast"
/usr/bin/make -f CMakeFiles/cmTryCompileExec4279310988.dir/build.make CMakeFiles/cmTryCompileExec4279310988.dir/build
make[1]: Entering directory `/mnt/data/work/ssh_test/ros_beginner/catkin_ws/build-src-Desktop_Qt_5_6_0_GCC_64bit-Debug/CMakeFiles/CMakeTmp'
/usr/bin/cmake -E cmake_progress_report /mnt/data/work/ssh_test/ros_beginner/catkin_ws/build-src-Desktop_Qt_5_6_0_GCC_64bit-Debug/CMakeFiles/CMakeTmp/CMakeFiles 1
Building CXX object CMakeFiles/cmTryCompileExec4279310988.dir/CheckSymbolExists.cxx.o
/usr/bin/c++    -I/usr/include/qt4    -o CMakeFiles/cmTryCompileExec4279310988.dir/CheckSymbolExists.cxx.o -c /mnt/data/work/ssh_test/ros_beginner/catkin_ws/build-src-Desktop_Qt_5_6_0_GCC_64bit-Debug/CMakeFiles/CMakeTmp/CheckSymbolExists.cxx
/mnt/data/work/ssh_test/ros_beginner/catkin_ws/build-src-Desktop_Qt_5_6_0_GCC_64bit-Debug/CMakeFiles/CMakeTmp/CheckSymbolExists.cxx: In function ‘int main(int, char**)’:
/mnt/data/work/ssh_test/ros_beginner/catkin_ws/build-src-Desktop_Qt_5_6_0_GCC_64bit-Debug/CMakeFiles/CMakeTmp/CheckSymbolExists.cxx:8:19: error: ‘Q_WS_MAC’ was not declared in this scope
   return ((int*)(&Q_WS_MAC))[argc];
                   ^
make[1]: *** [CMakeFiles/cmTryCompileExec4279310988.dir/CheckSymbolExists.cxx.o] Error 1
make[1]: Leaving directory `/mnt/data/work/ssh_test/ros_beginner/catkin_ws/build-src-Desktop_Qt_5_6_0_GCC_64bit-Debug/CMakeFiles/CMakeTmp'
make: *** [cmTryCompileExec4279310988/fast] Error 2

File /mnt/data/work/ssh_test/ros_beginner/catkin_ws/build-src-Desktop_Qt_5_6_0_GCC_64bit-Debug/CMakeFiles/CMakeTmp/CheckSymbolExists.cxx:
/* */
#include <QtCore/qglobal.h>

int main(int argc, char** argv)
{
  (void)argv;
#ifndef Q_WS_MAC
  return ((int*)(&Q_WS_MAC))[argc];
#else
  (void)argc;
  return 0;
#endif
}

